Sep 10, 2024 9:06:41 PM fungsi.LogService info
INFO: Memulai memverifikasi biometri sidik jari..
Sep 10, 2024 9:06:44 PM fungsi.LogService info
INFO: Gagal setelah 1 percobaan.
Sep 10, 2024 9:06:44 PM fungsi.LogService info
INFO: Proses finger/after.exe telah ditutup oleh pengguna.
Sep 10, 2024 9:06:52 PM fungsi.LogService info
INFO: Memulai memverifikasi biometri sidik jari..
Sep 10, 2024 9:07:10 PM fungsi.LogService info
INFO: Gagal setelah 6 percobaan.
Sep 10, 2024 9:07:10 PM fungsi.LogService info
INFO: Proses finger/after.exe telah ditutup oleh pengguna.
Sep 10, 2024 9:07:35 PM fungsi.LogService info
INFO: Memulai memverifikasi biometri sidik jari..
Sep 10, 2024 9:07:53 PM fungsi.LogService info
INFO: Gagal setelah 6 percobaan.
Sep 10, 2024 9:07:53 PM fungsi.LogService info
INFO: Proses finger/after.exe telah ditutup oleh pengguna.
Sep 12, 2024 8:26:50 AM fungsi.LogService info
INFO: Memulai memverifikasi biometri sidik jari..
Oct 16, 2024 7:15:12 PM fungsi.LogService info
INFO: Memulai memverifikasi biometri sidik jari..
Oct 16, 2024 7:15:13 PM fungsi.LogService info
INFO: Gagal setelah 1 percobaan.
Oct 16, 2024 7:15:13 PM fungsi.LogService info
INFO: Proses finger/after.exe telah ditutup oleh pengguna.
Oct 28, 2024 2:17:52 PM fungsi.LogService info
INFO: Memulai memverifikasi biometri sidik jari..
Oct 28, 2024 2:17:54 PM fungsi.LogService info
INFO: Gagal setelah 2 percobaan.
Oct 28, 2024 2:17:54 PM fungsi.LogService info
INFO: Proses finger/after.exe telah ditutup oleh pengguna.
Oct 28, 2024 2:18:02 PM fungsi.LogService info
INFO: Memulai memverifikasi biometri sidik jari..
Oct 28, 2024 2:18:14 PM fungsi.LogService info
INFO: Gagal setelah 12 percobaan.
Oct 28, 2024 2:18:14 PM fungsi.LogService info
INFO: Proses finger/after.exe telah ditutup oleh pengguna.
Oct 28, 2024 2:18:36 PM fungsi.LogService info
INFO: Memulai memverifikasi biometri sidik jari..
Oct 28, 2024 2:18:38 PM fungsi.LogService info
INFO: Berhasil setelah 1 percobaan.
